Build started 10/22/2017 12:33:45 AM.
     1>Project "c:\Users\MADINA\documents\visual studio 2010\Projects\Chapter-4\Chapter-4\Chapter-4.vcxproj" on node 2 (build target(s)).
     1>InitializeBuildStatus:
         Creating "Debug\Chapter-4.unsuccessfulbuild" because "AlwaysCreate" was specified.
       ClCompile:
         C:\Program Files (x86)\Microsoft Visual Studio 10.0\VC\bin\CL.exe /c /ZI /nologo /W3 /WX- /Od /Oy- /D WIN32 /D _DEBUG /D _CONSOLE /D _UNICODE /D UNICODE /Gm /EHsc /RTC1 /MDd /GS /fp:precise /Zc:wchar_t /Zc:forScope /Fo"Debug\\" /Fd"Debug\vc100.pdb" /Gd /TP /analyze- /errorReport:prompt ch4p103.cpp
         ch4p103.cpp
     1>c:\users\madina\documents\visual studio 2010\projects\chapter-4\chapter-4\ch4p103.cpp(215): warning C4018: '<' : signed/unsigned mismatch
       Link:
         C:\Program Files (x86)\Microsoft Visual Studio 10.0\VC\bin\link.exe /ERRORREPORT:PROMPT /OUT:"c:\users\madina\documents\visual studio 2010\Projects\Chapter-4\Debug\Chapter-4.exe" /INCREMENTAL:NO /NOLOGO kernel32.lib user32.lib gdi32.lib winspool.lib comdlg32.lib advapi32.lib shell32.lib ole32.lib oleaut32.lib uuid.lib odbc32.lib odbccp32.lib /MANIFEST /ManifestFile:"Debug\Chapter-4.exe.intermediate.manifest" /MANIFESTUAC:"level='asInvoker' uiAccess='false'" /DEBUG /PDB:"c:\users\madina\documents\visual studio 2010\Projects\Chapter-4\Debug\Chapter-4.pdb" /SUBSYSTEM:CONSOLE /TLBID:1 /DYNAMICBASE /NXCOMPAT /IMPLIB:"c:\users\madina\documents\visual studio 2010\Projects\Chapter-4\Debug\Chapter-4.lib" /MACHINE:X86 Debug\ch4p103.obj
     1>ch4p103.obj : warning LNK4075: ignoring '/EDITANDCONTINUE' due to '/INCREMENTAL:NO' specification
         Chapter-4.vcxproj -> c:\users\madina\documents\visual studio 2010\Projects\Chapter-4\Debug\Chapter-4.exe
       Manifest:
         C:\Program Files (x86)\Microsoft SDKs\Windows\v7.0A\bin\mt.exe /nologo /verbose /outputresource:"c:\users\madina\documents\visual studio 2010\Projects\Chapter-4\Debug\Chapter-4.exe;#1" /manifest "Debug\Chapter-4.exe.intermediate.manifest"
       FinalizeBuildStatus:
         Deleting file "Debug\Chapter-4.unsuccessfulbuild".
         Touching "Debug\Chapter-4.lastbuildstate".
     1>Done Building Project "c:\Users\MADINA\documents\visual studio 2010\Projects\Chapter-4\Chapter-4\Chapter-4.vcxproj" (build target(s)).

Build succeeded.

Time Elapsed 00:00:01.76
