Build started 10/6/2017 3:16:11 PM.
     1>Project "c:\Users\MADINA\documents\visual studio 2010\Projects\TryThis\TryThis\TryThis.vcxproj" on node 2 (build target(s)).
     1>InitializeBuildStatus:
         Creating "Debug\TryThis.unsuccessfulbuild" because "AlwaysCreate" was specified.
       ClCompile:
         C:\Program Files (x86)\Microsoft Visual Studio 10.0\VC\bin\CL.exe /c /ZI /nologo /W3 /WX- /Od /Oy- /D WIN32 /D _DEBUG /D _CONSOLE /D _UNICODE /D UNICODE /Gm /EHsc /RTC1 /MDd /GS /fp:precise /Zc:wchar_t /Zc:forScope /Fo"Debug\\" /Fd"Debug\vc100.pdb" /Gd /TP /analyze- /errorReport:prompt p65ch3.cpp
         p65ch3.cpp
     1>c:\users\madina\documents\visual studio 2010\projects\trythis\trythis\p65ch3.cpp(97): warning C4244: 'initializing' : conversion from 'double' to 'int', possible loss of data
       Link:
         C:\Program Files (x86)\Microsoft Visual Studio 10.0\VC\bin\link.exe /ERRORREPORT:PROMPT /OUT:"c:\users\madina\documents\visual studio 2010\Projects\TryThis\Debug\TryThis.exe" /INCREMENTAL:NO /NOLOGO kernel32.lib user32.lib gdi32.lib winspool.lib comdlg32.lib advapi32.lib shell32.lib ole32.lib oleaut32.lib uuid.lib odbc32.lib odbccp32.lib /MANIFEST /ManifestFile:"Debug\TryThis.exe.intermediate.manifest" /MANIFESTUAC:"level='asInvoker' uiAccess='false'" /DEBUG /PDB:"c:\users\madina\documents\visual studio 2010\Projects\TryThis\Debug\TryThis.pdb" /SUBSYSTEM:CONSOLE /TLBID:1 /DYNAMICBASE /NXCOMPAT /IMPLIB:"c:\users\madina\documents\visual studio 2010\Projects\TryThis\Debug\TryThis.lib" /MACHINE:X86 Debug\p65ch3.obj
     1>p65ch3.obj : warning LNK4075: ignoring '/EDITANDCONTINUE' due to '/INCREMENTAL:NO' specification
         TryThis.vcxproj -> c:\users\madina\documents\visual studio 2010\Projects\TryThis\Debug\TryThis.exe
       Manifest:
         C:\Program Files (x86)\Microsoft SDKs\Windows\v7.0A\bin\mt.exe /nologo /verbose /outputresource:"c:\users\madina\documents\visual studio 2010\Projects\TryThis\Debug\TryThis.exe;#1" /manifest Debug\TryThis.exe.intermediate.manifest
       FinalizeBuildStatus:
         Deleting file "Debug\TryThis.unsuccessfulbuild".
         Touching "Debug\TryThis.lastbuildstate".
     1>Done Building Project "c:\Users\MADINA\documents\visual studio 2010\Projects\TryThis\TryThis\TryThis.vcxproj" (build target(s)).

Build succeeded.

Time Elapsed 00:00:00.72
